<?xml version="1.0" encoding="UTF-8"?>
<!-- Generated by org.testng.reporters.JUnitXMLReporter -->
<testsuite ignored="2" hostname="DESKTOP-E5RE113" failures="1" tests="2" name="Test" time="29.067" errors="0" timestamp="2024-11-05T20:41:04 IST">
  <testcase classname="products.RemoveProductFromCartTest" name="tc_002_RemoveSingleProductFromCart" time="12.405"/>
  <testcase classname="products.AddProductToCartTest" name="tc_001_AddSingleProductToCartTest" time="0.711">
    <failure type="java.lang.AssertionError" message="null">
      <![CDATA[java.lang.AssertionError: null
at products.AddProductToCartTest.tc_001_AddSingleProductToCartTest(AddProductToCartTest.java:37)
at java.base/java.util.ArrayList.forEach(ArrayList.java:1511)
... Removed 29 stack frames]]>
    </failure>
  </testcase> <!-- tc_001_AddSingleProductToCartTest -->
  <testcase classname="genericUtilities.BaseClass" name="@AfterSuite asconfig" time="0.0">
    <ignored/>
  </testcase> <!-- @AfterSuite asconfig -->
  <testcase classname="genericUtilities.BaseClass" name="@BeforeSuite bsconfig" time="0.0">
    <ignored/>
  </testcase> <!-- @BeforeSuite bsconfig -->
</testsuite> <!-- Test -->
